TN:
SF:src/NegRiskAdapter.sol
FN:72,NegRiskAdapter.getConditionId
FNDA:24413,NegRiskAdapter.getConditionId
DA:73,71814
FN:80,NegRiskAdapter.getPositionId
FNDA:27121,NegRiskAdapter.getPositionId
DA:81,40673
DA:87,40673
DA:88,40673
FN:97,NegRiskAdapter.splitPosition
FNDA:512,NegRiskAdapter.splitPosition
DA:100,512
BRDA:100,0,0,256
BRDA:100,0,1,256
DA:101,256
FN:104,NegRiskAdapter.splitPosition
FNDA:23390,NegRiskAdapter.splitPosition
DA:105,23646
DA:106,23646
DA:107,23646
DA:108,23646
DA:112,23646
FN:119,NegRiskAdapter.mergePositions
FNDA:512,NegRiskAdapter.mergePositions
DA:126,512
BRDA:126,1,0,256
BRDA:126,1,1,256
DA:127,256
FN:130,NegRiskAdapter.mergePositions
FNDA:257,NegRiskAdapter.mergePositions
DA:131,513
DA:134,513
DA:135,513
DA:136,513
DA:138,513
FN:145,NegRiskAdapter.redeemPositions
FNDA:512,NegRiskAdapter.redeemPositions
DA:146,512
DA:149,512
DA:150,512
DA:152,512
DA:153,512
BRDA:153,2,0,-
BRDA:153,2,1,244
DA:154,244
DA:157,512
FN:166,NegRiskAdapter.convertPositions
FNDA:2563,NegRiskAdapter.convertPositions
DA:167,2563
DA:168,2563
DA:169,2563
DA:171,2563
BRDA:171,3,0,256
BRDA:171,3,1,2307
DA:172,2307
BRDA:172,4,0,512
BRDA:172,4,1,1795
DA:173,1795
BRDA:173,5,0,512
BRDA:173,5,1,1283
DA:174,1283
BRDA:174,6,0,256
BRDA:174,6,1,1027
DA:177,1027
BRDA:177,7,0,256
BRDA:177,7,1,771
DA:178,256
DA:179,256
DA:182,771
DA:183,771
DA:186,771
DA:189,771
DA:191,771
DA:192,771
DA:193,771
DA:195,14323
DA:196,13552
DA:198,13552
BRDA:198,8,0,-
BRDA:198,8,1,6824
DA:200,6824
DA:203,6824
DA:207,6728
DA:208,6728
DA:211,6728
DA:215,13552
DA:219,771
DA:222,771
DA:225,771
DA:231,771
DA:234,771
DA:239,771
DA:240,771
DA:243,771
BRDA:243,9,0,-
BRDA:243,9,1,495
DA:244,495
DA:248,495
DA:253,771
DA:255,771
DA:256,771
DA:258,771
FN:265,NegRiskAdapter.prepareMarket
FNDA:5131,NegRiskAdapter.prepareMarket
DA:266,5131
DA:267,4875
DA:269,4875
FN:276,NegRiskAdapter.prepareQuestion
FNDA:25457,NegRiskAdapter.prepareQuestion
DA:277,25457
DA:279,25456
DA:281,25456
DA:283,25456
FN:290,NegRiskAdapter.reportOutcome
FNDA:1793,NegRiskAdapter.reportOutcome
DA:291,1793
DA:293,1537
DA:295,1537
FN:303,NegRiskAdapter._splitPosition
FNDA:6728,NegRiskAdapter._splitPosition
DA:304,6728
FNF:12
FNH:12
LF:76
LH:76
BRF:20
BRH:17
end_of_record
TN:
SF:src/NegRiskOperator.sol
FN:66,NegRiskOperator.setOracle
FNDA:0,NegRiskOperator.setOracle
DA:67,0
BRDA:67,0,0,-
BRDA:67,0,1,-
DA:68,0
FN:75,NegRiskOperator.prepareMarket
FNDA:1282,NegRiskOperator.prepareMarket
DA:76,1282
FN:83,NegRiskOperator.prepareQuestion
FNDA:1027,NegRiskOperator.prepareQuestion
DA:88,1027
BRDA:88,1,0,-
BRDA:88,1,1,1027
DA:89,0
DA:92,1027
DA:94,1027
DA:95,1027
FN:102,NegRiskOperator.reportPayouts
FNDA:513,NegRiskOperator.reportPayouts
DA:103,513
BRDA:103,2,0,-
BRDA:103,2,1,513
DA:104,0
DA:107,513
DA:108,513
DA:110,513
BRDA:110,3,0,-
BRDA:110,3,1,513
DA:111,0
DA:114,513
DA:116,513
BRDA:116,4,0,-
BRDA:116,4,1,513
DA:117,0
DA:120,513
BRDA:120,5,0,-
BRDA:120,5,1,513
DA:121,0
DA:124,513
DA:125,513
DA:127,513
DA:129,513
DA:130,513
FN:137,NegRiskOperator.resolveQuestion
FNDA:257,NegRiskOperator.resolveQuestion
DA:138,257
DA:140,257
BRDA:140,6,0,-
BRDA:140,6,1,257
DA:141,257
BRDA:141,7,0,-
BRDA:141,7,1,257
DA:142,0
DA:145,257
DA:146,257
FN:153,NegRiskOperator.flagQuestion
FNDA:768,NegRiskOperator.flagQuestion
DA:154,768
FN:157,NegRiskOperator.unflagQuestion
FNDA:256,NegRiskOperator.unflagQuestion
DA:158,256
BRDA:158,8,0,-
BRDA:158,8,1,256
DA:159,256
FN:162,NegRiskOperator.emergencyResolveQuestion
FNDA:256,NegRiskOperator.emergencyResolveQuestion
DA:163,256
DA:165,256
BRDA:165,9,0,-
BRDA:165,9,1,256
DA:166,256
BRDA:166,10,0,-
BRDA:166,10,1,256
DA:167,0
DA:170,256
FN:177,NegRiskOperator.
FNDA:0,NegRiskOperator.
FNF:9
FNH:7
LF:38
LH:29
BRF:22
BRH:10
end_of_record
TN:
SF:src/Vault.sol
FN:19,Vault.transferERC20
FNDA:257,Vault.transferERC20
DA:20,257
FN:27,Vault.transferERC1155
FNDA:513,Vault.transferERC1155
DA:28,513
FN:31,Vault.batchTransferERC1155
FNDA:0,Vault.batchTransferERC1155
DA:35,0
FNF:3
FNH:2
LF:3
LH:2
BRF:0
BRH:0
end_of_record
TN:
SF:src/WrappedCollateral.sol
FN:53,WrappedCollateral.unwrap
FNDA:1014,WrappedCollateral.unwrap
DA:54,1014
DA:55,1014
FN:66,WrappedCollateral.wrap
FNDA:24415,WrappedCollateral.wrap
DA:67,24415
DA:68,24415
FN:74,WrappedCollateral.burn
FNDA:1284,WrappedCollateral.burn
DA:75,1284
FN:81,WrappedCollateral.mint
FNDA:1028,WrappedCollateral.mint
DA:82,1028
FN:89,WrappedCollateral.release
FNDA:1542,WrappedCollateral.release
DA:90,1542
FNF:5
FNH:5
LF:7
LH:7
BRF:0
BRH:0
end_of_record
TN:
SF:src/dev/TestHelper.sol
FN:28,TestHelper._getAndLabelAddress
FNDA:0,TestHelper._getAndLabelAddress
DA:29,0
DA:30,0
DA:31,0
FNF:1
FNH:0
LF:3
LH:0
BRF:0
BRH:0
end_of_record
TN:
SF:src/dev/libraries/AddressLib.sol
FN:10,AddressLib.getAddress
FNDA:0,AddressLib.getAddress
DA:11,0
DA:13,0
DA:14,0
DA:15,0
DA:17,0
FNF:1
FNH:0
LF:5
LH:0
BRF:0
BRH:0
end_of_record
TN:
SF:src/dev/libraries/DeployLib.sol
FN:7,DeployLib._deployCode
FNDA:0,DeployLib._deployCode
DA:8,0
FN:11,DeployLib._deployCode
FNDA:0,DeployLib._deployCode
DA:12,0
DA:14,0
FN:18,DeployLib.deployConditionalTokens
FNDA:0,DeployLib.deployConditionalTokens
DA:19,0
DA:20,0
DA:21,0
FN:24,DeployLib.deployUmaCtfAdapter
FNDA:0,DeployLib.deployUmaCtfAdapter
DA:25,0
DA:26,0
DA:27,0
FNF:4
FNH:0
LF:9
LH:0
BRF:0
BRH:0
end_of_record
TN:
SF:src/libraries/CTHelpers.sol
FN:12,CTHelpers.getConditionId
FNDA:71814,CTHelpers.getConditionId
DA:17,71814
FN:24,CTHelpers.sqrt
FNDA:178831,CTHelpers.sqrt
DA:25,178831
DA:63,178831
DA:66,178831
DA:67,178831
DA:68,178831
DA:69,178831
DA:70,178831
DA:73,178831
DA:74,178831
DA:75,178831
DA:76,178831
DA:77,178831
DA:78,178831
DA:79,178831
DA:80,178831
DA:81,178831
DA:82,178831
DA:83,178831
DA:84,178831
DA:85,178831
DA:86,178831
DA:87,178831
DA:88,178831
DA:89,178831
DA:90,178831
DA:91,178831
DA:92,178831
DA:93,178831
DA:94,178831
DA:95,178831
DA:96,178831
DA:97,178831
DA:98,178831
DA:99,178831
DA:100,178831
DA:101,178831
DA:102,178831
DA:103,178831
DA:104,178831
DA:105,178831
DA:106,178831
DA:107,178831
DA:108,178831
DA:109,178831
DA:110,178831
DA:111,178831
DA:112,178831
DA:113,178831
DA:114,178831
DA:115,178831
DA:116,178831
DA:117,178831
DA:118,178831
DA:119,178831
DA:120,178831
DA:121,178831
DA:122,178831
DA:123,178831
DA:124,178831
DA:125,178831
DA:126,178831
DA:127,178831
DA:128,178831
DA:129,178831
DA:130,178831
DA:131,178831
DA:134,178831
DA:135,178831
DA:136,178831
DA:137,178831
DA:138,178831
DA:140,178831
DA:141,178831
DA:142,178831
DA:143,178831
DA:144,178831
DA:145,178831
DA:146,178831
DA:147,178831
DA:148,178831
DA:149,178831
DA:150,178831
DA:151,178831
DA:152,178831
DA:153,178831
DA:154,178831
DA:155,178831
DA:156,178831
DA:157,178831
DA:158,178831
DA:159,178831
DA:160,178831
DA:161,178831
DA:162,178831
DA:163,178831
DA:164,178831
DA:165,178831
DA:166,178831
DA:167,178831
DA:168,178831
DA:169,178831
DA:170,178831
DA:171,178831
DA:172,178831
DA:173,178831
DA:174,178831
DA:175,178831
DA:176,178831
DA:177,178831
DA:178,178831
DA:179,178831
DA:180,178831
DA:181,178831
DA:182,178831
DA:183,178831
DA:184,178831
DA:185,178831
DA:186,178831
DA:187,178831
DA:188,178831
DA:189,178831
DA:190,178831
DA:191,178831
DA:192,178831
DA:193,178831
DA:194,178831
DA:195,178831
DA:196,178831
DA:197,178831
DA:198,178831
DA:199,178831
DA:200,178831
DA:201,178831
DA:202,178831
DA:203,178831
DA:204,178831
DA:205,178831
DA:206,178831
DA:207,178831
DA:208,178831
DA:209,178831
DA:210,178831
DA:211,178831
DA:212,178831
DA:213,178831
DA:214,178831
DA:215,178831
DA:216,178831
DA:217,178831
DA:218,178831
DA:219,178831
DA:220,178831
DA:221,178831
DA:222,178831
DA:223,178831
DA:224,178831
DA:225,178831
DA:226,178831
DA:227,178831
DA:228,178831
DA:229,178831
DA:230,178831
DA:231,178831
DA:232,178831
DA:233,178831
DA:234,178831
DA:235,178831
DA:236,178831
DA:237,178831
DA:238,178831
DA:239,178831
DA:240,178831
DA:241,178831
DA:242,178831
DA:243,178831
DA:244,178831
DA:245,178831
DA:246,178831
DA:247,178831
DA:248,178831
DA:249,178831
DA:250,178831
DA:251,178831
DA:252,178831
DA:253,178831
DA:255,178831
DA:256,178831
DA:257,178831
DA:258,178831
DA:259,178831
DA:260,178831
DA:261,178831
DA:262,178831
DA:264,178831
DA:265,178831
DA:266,178831
DA:267,178831
DA:268,178831
DA:269,178831
DA:270,178831
DA:271,178831
DA:272,178831
DA:273,178831
DA:274,178831
DA:275,178831
DA:276,178831
DA:277,178831
DA:278,178831
DA:279,178831
DA:280,178831
DA:281,178831
DA:282,178831
DA:283,178831
DA:284,178831
DA:285,178831
DA:286,178831
DA:287,178831
DA:288,178831
DA:289,178831
DA:290,178831
DA:291,178831
DA:292,178831
DA:293,178831
DA:294,178831
DA:295,178831
DA:296,178831
DA:297,178831
DA:298,178831
DA:299,178831
DA:300,178831
DA:301,178831
DA:302,178831
DA:303,178831
DA:304,178831
DA:305,178831
DA:306,178831
DA:307,178831
DA:308,178831
DA:309,178831
DA:310,178831
DA:311,178831
DA:312,178831
DA:313,178831
DA:314,178831
DA:315,178831
DA:316,178831
DA:317,178831
DA:318,178831
DA:319,178831
DA:320,178831
DA:321,178831
DA:322,178831
DA:323,178831
DA:324,178831
DA:325,178831
DA:326,178831
DA:327,178831
DA:328,178831
DA:329,178831
DA:330,178831
DA:331,178831
DA:332,178831
DA:333,178831
DA:334,178831
DA:335,178831
DA:336,178831
DA:337,178831
DA:338,178831
DA:339,178831
DA:340,178831
DA:341,178831
DA:342,178831
DA:343,178831
DA:344,178831
DA:345,178831
DA:346,178831
DA:347,178831
DA:348,178831
DA:349,178831
DA:350,178831
DA:351,178831
DA:352,178831
DA:353,178831
DA:354,178831
DA:355,178831
DA:356,178831
DA:357,178831
DA:358,178831
DA:359,178831
DA:360,178831
DA:361,178831
DA:362,178831
DA:363,178831
DA:364,178831
DA:365,178831
DA:366,178831
DA:367,178831
DA:368,178831
DA:369,178831
DA:370,178831
DA:371,178831
DA:372,178831
DA:373,178831
DA:374,178831
DA:375,178831
DA:376,178831
DA:377,178831
DA:378,178831
DA:379,178831
DA:380,178831
DA:381,178831
DA:382,178831
DA:383,178831
DA:384,178831
DA:385,178831
DA:386,178831
DA:387,178831
DA:388,178831
DA:389,178831
DA:390,178831
DA:391,178831
FN:402,CTHelpers.getCollectionId
FNDA:90015,CTHelpers.getCollectionId
DA:407,90015
DA:408,90015
DA:409,90015
DA:410,90015
DA:415,178831
DA:416,90015
BRDA:416,0,0,47486
BRDA:416,0,1,90015
DA:418,90015
DA:419,90015
BRDA:419,1,0,-
BRDA:419,1,1,-
DA:420,0
DA:421,0
DA:422,0
DA:423,0
DA:424,0
BRDA:424,2,0,-
BRDA:424,2,1,-
DA:425,0
BRDA:425,3,0,-
BRDA:425,3,1,-
DA:427,0
DA:428,0
BRDA:428,4,0,-
BRDA:428,4,1,-
DA:429,0
DA:432,90015
BRDA:432,5,0,55069
BRDA:432,5,1,90015
DA:434,90015
FN:441,CTHelpers.getPositionId
FNDA:90015,CTHelpers.getPositionId
DA:446,90015
FNF:4
FNH:4
LF:342
LH:333
BRF:12
BRH:4
end_of_record
TN:
SF:src/libraries/Helpers.sol
FN:7,Helpers.positionIds
FNDA:24671,Helpers.positionIds
DA:8,24671
DA:10,24671
DA:11,24671
DA:13,24671
FN:16,Helpers.values
FNDA:25920,Helpers.values
DA:17,25920
DA:18,25920
DA:20,94518
DA:21,68598
DA:24,68598
DA:27,25920
FN:30,Helpers.partition
FNDA:31399,Helpers.partition
DA:31,31399
DA:32,31399
DA:33,31399
DA:34,31399
FN:37,Helpers.payouts
FNDA:1537,Helpers.payouts
DA:38,1537
DA:39,1537
DA:40,1537
DA:41,1537
FNF:4
FNH:4
LF:18
LH:18
BRF:0
BRH:0
end_of_record
TN:
SF:src/libraries/NegRiskIdLib.sol
FN:9,NegRiskIdLib.getMarketId
FNDA:5131,NegRiskIdLib.getMarketId
DA:10,5131
FN:13,NegRiskIdLib.getMarketId
FNDA:1793,NegRiskIdLib.getMarketId
DA:14,1793
FN:17,NegRiskIdLib.getQuestionId
FNDA:39008,NegRiskIdLib.getQuestionId
DA:19,39008
FN:23,NegRiskIdLib.getQuestionIndex
FNDA:1793,NegRiskIdLib.getQuestionIndex
DA:24,1793
FNF:4
FNH:4
LF:4
LH:4
BRF:0
BRH:0
end_of_record
TN:
SF:src/modules/Admin.sol
FN:74,Admin.pause
FNDA:2048,Admin.pause
DA:75,1792
BRDA:75,0,0,256
BRDA:75,0,1,1536
DA:77,1536
DA:79,1536
FN:84,Admin.unpause
FNDA:768,Admin.unpause
DA:85,512
BRDA:85,1,0,256
BRDA:85,1,1,256
DA:87,256
DA:89,256
FN:93,Admin.pauseGlobally
FNDA:772,Admin.pauseGlobally
DA:94,771
BRDA:94,2,0,1
BRDA:94,2,1,770
DA:96,770
DA:98,770
FN:102,Admin.unpauseGlobally
FNDA:258,Admin.unpauseGlobally
DA:103,257
BRDA:103,3,0,1
BRDA:103,3,1,256
DA:105,256
DA:107,256
FN:117,Admin._isPaused
FNDA:4608,Admin._isPaused
DA:118,4608
FNF:5
FNH:5
LF:13
LH:13
BRF:8
BRH:8
end_of_record
TN:
SF:src/modules/Auth.sol
FN:24,Auth.addAdmin
FNDA:3,Auth.addAdmin
DA:25,2
DA:26,2
FN:31,Auth.removeAdmin
FNDA:1,Auth.removeAdmin
DA:32,1
DA:33,1
FN:37,Auth.renounceAdmin
FNDA:1,Auth.renounceAdmin
DA:38,1
DA:39,1
FN:44,Auth.isAdmin
FNDA:264,Auth.isAdmin
DA:45,264
FNF:4
FNH:4
LF:7
LH:7
BRF:0
BRH:0
end_of_record
TN:
SF:src/modules/MarketDataManager.sol
FN:23,MarketStateManager.getMarketData
FNDA:0,MarketStateManager.getMarketData
DA:24,2563
FN:27,MarketStateManager.getOracle
FNDA:512,MarketStateManager.getOracle
DA:28,512
FN:31,MarketStateManager.getQuestionCount
FNDA:2319,MarketStateManager.getQuestionCount
DA:32,2319
FN:35,MarketStateManager.getDetermined
FNDA:769,MarketStateManager.getDetermined
DA:36,769
FN:39,MarketStateManager.getResult
FNDA:769,MarketStateManager.getResult
DA:40,769
FN:43,MarketStateManager.getFeeBips
FNDA:512,MarketStateManager.getFeeBips
DA:44,512
FN:51,MarketStateManager._prepareMarket
FNDA:5131,MarketStateManager._prepareMarket
DA:52,5131
DA:53,5131
DA:54,5131
DA:56,5131
BRDA:56,0,0,256
BRDA:56,0,1,4875
DA:57,4875
BRDA:57,1,0,-
BRDA:57,1,1,4875
DA:59,4875
FN:62,MarketStateManager._prepareQuestion
FNDA:25457,MarketStateManager._prepareQuestion
DA:63,25457
DA:64,25457
DA:66,25457
BRDA:66,2,0,-
BRDA:66,2,1,25457
DA:67,25457
BRDA:67,3,0,1
BRDA:67,3,1,25456
DA:69,25456
DA:70,25456
DA:71,25456
FN:74,MarketStateManager._reportOutcome
FNDA:1793,MarketStateManager._reportOutcome
DA:78,1793
DA:79,1793
DA:81,1793
DA:82,1793
DA:84,1793
BRDA:84,4,0,-
BRDA:84,4,1,1793
DA:85,1793
BRDA:85,5,0,-
BRDA:85,5,1,1793
DA:86,1793
BRDA:86,6,0,-
BRDA:86,6,1,1793
DA:88,1793
BRDA:88,7,0,256
BRDA:88,7,1,680
DA:89,936
BRDA:89,8,0,256
BRDA:89,8,1,680
DA:90,680
FNF:9
FNH:8
LF:29
LH:29
BRF:18
BRH:13
end_of_record
TN:
SF:src/scripts/add_admin.s.sol
FN:8,add_admin.run
FNDA:0,add_admin.run
DA:9,0
DA:11,0
DA:12,0
FNF:1
FNH:0
LF:3
LH:0
BRF:0
BRH:0
end_of_record
TN:
SF:src/scripts/renounce_admin.s.sol
FN:8,renounce_admin.run
FNDA:0,renounce_admin.run
DA:9,0
DA:11,0
DA:12,0
FNF:1
FNH:0
LF:3
LH:0
BRF:0
BRH:0
end_of_record
TN:
SF:src/test/NegRiskAdapter/NegRiskAdapter.invariant.t.sol
FN:29,NegRiskAdapterInvariantsHandler.split
FNDA:0,NegRiskAdapterInvariantsHandler.split
DA:30,0
DA:33,0
DA:34,0
DA:36,0
DA:37,0
DA:38,0
FN:42,NegRiskAdapterInvariantsHandler.merge
FNDA:0,NegRiskAdapterInvariantsHandler.merge
DA:43,0
DA:46,0
DA:47,0
DA:48,0
DA:49,0
FN:53,NegRiskAdapterInvariantsHandler.convert
FNDA:0,NegRiskAdapterInvariantsHandler.convert
DA:54,0
FN:57,NegRiskAdapterInvariantsHandler.convert2
FNDA:0,NegRiskAdapterInvariantsHandler.convert2
FN:70,NegRiskAdapterInvariants.setUp
FNDA:0,NegRiskAdapterInvariants.setUp
DA:71,0
DA:72,0
DA:73,0
DA:74,0
DA:76,0
DA:77,0
DA:78,0
DA:81,0
DA:82,0
DA:85,0
DA:86,0
DA:87,0
DA:88,0
DA:91,0
DA:93,0
FN:97,NegRiskAdapterInvariants.invariant_badInvariantThisShouldFail
FNDA:0,NegRiskAdapterInvariants.invariant_badInvariantThisShouldFail
DA:98,0
FNF:6
FNH:0
LF:28
LH:0
BRF:0
BRH:0
end_of_record
TN:
SF:src/test/NegRiskAdapter/NegRiskAdapterSetUp.sol
FN:20,NegRiskAdapter_SetUp.setUp
FNDA:0,NegRiskAdapter_SetUp.setUp
DA:21,0
DA:22,0
DA:23,0
DA:24,0
DA:25,0
DA:26,0
FNF:1
FNH:0
LF:6
LH:0
BRF:0
BRH:0
end_of_record
TN:
SF:src/test/mock/CollateralWhitelist.sol
FN:7,CollateralWhitelist.addToWhitelist
FNDA:0,CollateralWhitelist.addToWhitelist
FN:9,CollateralWhitelist.removeFromWhitelist
FNDA:0,CollateralWhitelist.removeFromWhitelist
FN:11,CollateralWhitelist.isOnWhitelist
FNDA:3,CollateralWhitelist.isOnWhitelist
DA:12,3
FN:15,CollateralWhitelist.getWhitelist
FNDA:0,CollateralWhitelist.getWhitelist
DA:16,0
FNF:4
FNH:1
LF:2
LH:1
BRF:0
BRH:0
end_of_record
TN:
SF:src/test/mock/Finder.sol
FN:15,Finder.changeImplementationAddress
FNDA:0,Finder.changeImplementationAddress
FN:17,Finder.getImplementationAddress
FNDA:0,Finder.getImplementationAddress
DA:18,0
BRDA:18,0,0,-
BRDA:18,0,1,-
DA:19,0
DA:20,0
BRDA:20,1,0,-
BRDA:20,1,1,-
DA:21,0
DA:23,0
FNF:2
FNH:0
LF:5
LH:0
BRF:4
BRH:0
end_of_record
TN:
SF:src/test/mock/OptimisticOracleV2.sol
FN:8,OptimisticOracleV2.setPrice
FNDA:1,OptimisticOracleV2.setPrice
DA:9,1
BRDA:9,0,0,1
BRDA:9,0,1,-
DA:10,1
DA:12,0
FN:16,OptimisticOracleV2.unsetPrice
FNDA:0,OptimisticOracleV2.unsetPrice
DA:17,0
FN:20,OptimisticOracleV2.settleAndGetPrice
FNDA:1,OptimisticOracleV2.settleAndGetPrice
DA:21,1
FN:24,OptimisticOracleV2.hasPrice
FNDA:1,OptimisticOracleV2.hasPrice
DA:25,1
FN:28,OptimisticOracleV2.requestPrice
FNDA:3,OptimisticOracleV2.requestPrice
DA:33,0
FN:36,OptimisticOracleV2.setBond
FNDA:3,OptimisticOracleV2.setBond
DA:41,0
FN:44,OptimisticOracleV2.
FNDA:0,OptimisticOracleV2.
FNF:7
FNH:5
LF:8
LH:4
BRF:2
BRH:1
end_of_record
TN:
SF:src/test/mock/USDC.sol
FN:9,USDC.mint
FNDA:25189,USDC.mint
DA:10,25189
FN:13,USDC.burn
FNDA:0,USDC.burn
DA:14,0
FNF:2
FNH:1
LF:2
LH:1
BRF:0
BRH:0
end_of_record
TN:
SF:src/test/modules/Admin.t.sol
FN:14,AdminHarness.useOnlyIfUnpaused
FNDA:1280,AdminHarness.useOnlyIfUnpaused
FN:16,AdminHarness.useOnlyIfEmergencyResolutionIsAllowed
FNDA:512,AdminHarness.useOnlyIfEmergencyResolutionIsAllowed
FN:21,AdminHarness.isPaused
FNDA:768,AdminHarness.isPaused
DA:22,768
FNF:3
FNH:3
LF:1
LH:1
BRF:0
BRH:0
end_of_record
TN:
SF:src/test/modules/Auth.t.sol
FN:10,AuthHarness.useOnlyAdmin
FNDA:3,AuthHarness.useOnlyAdmin
FNF:1
FNH:1
LF:0
LH:0
BRF:0
BRH:0
end_of_record
TN:
SF:src/types/MarketData.sol
FN:20,MarketDataLib.oracle
FNDA:0,MarketDataLib.oracle
DA:21,0
FN:24,MarketDataLib.questionCount
FNDA:0,MarketDataLib.questionCount
DA:25,0
FN:28,MarketDataLib.incrementQuestionCount
FNDA:0,MarketDataLib.incrementQuestionCount
DA:29,0
DA:30,0
DA:31,0
FN:34,MarketDataLib.determined
FNDA:0,MarketDataLib.determined
DA:35,0
FN:38,MarketDataLib.determine
FNDA:0,MarketDataLib.determine
DA:39,0
DA:41,0
BRDA:41,0,0,-
BRDA:41,0,1,-
DA:42,0
DA:43,0
DA:45,0
FN:48,MarketDataLib.initialize
FNDA:0,MarketDataLib.initialize
DA:49,0
DA:50,0
DA:51,0
DA:52,0
FN:55,MarketDataLib.result
FNDA:0,MarketDataLib.result
DA:56,0
FN:59,MarketDataLib.feeBips
FNDA:0,MarketDataLib.feeBips
DA:60,0
FNF:8
FNH:0
LF:17
LH:0
BRF:2
BRH:0
end_of_record
