TN:
SF:src/NegRiskAdapter.sol
FN:79,NegRiskAdapter.getConditionId
FNDA:24043,NegRiskAdapter.getConditionId
DA:80,70416
FN:91,NegRiskAdapter.getPositionId
FNDA:26452,NegRiskAdapter.getPositionId
DA:92,39757
DA:98,39757
DA:99,39757
FN:113,NegRiskAdapter.splitPosition
FNDA:512,NegRiskAdapter.splitPosition
DA:116,512
BRDA:116,0,0,256
BRDA:116,0,1,256
DA:117,256
FN:123,NegRiskAdapter.splitPosition
FNDA:23020,NegRiskAdapter.splitPosition
DA:124,23276
DA:125,23276
DA:126,23276
DA:127,23276
DA:131,23276
FN:143,NegRiskAdapter.mergePositions
FNDA:512,NegRiskAdapter.mergePositions
DA:150,512
BRDA:150,1,0,256
BRDA:150,1,1,256
DA:151,256
FN:157,NegRiskAdapter.mergePositions
FNDA:257,NegRiskAdapter.mergePositions
DA:158,513
DA:161,513
DA:162,513
DA:163,513
DA:165,513
FN:177,NegRiskAdapter.redeemPositions
FNDA:512,NegRiskAdapter.redeemPositions
DA:178,512
DA:181,512
DA:182,512
DA:184,512
DA:185,512
BRDA:185,2,0,-
BRDA:185,2,1,244
DA:186,244
DA:189,512
FN:203,NegRiskAdapter.convertPositions
FNDA:1798,NegRiskAdapter.convertPositions
DA:204,1798
DA:205,1798
DA:206,1798
DA:208,1798
BRDA:208,3,0,256
BRDA:208,3,1,1542
DA:209,1542
BRDA:209,4,0,2
BRDA:209,4,1,1540
DA:210,1540
BRDA:210,5,0,257
BRDA:210,5,1,1283
DA:211,1283
BRDA:211,6,0,256
BRDA:211,6,1,1027
DA:214,1027
BRDA:214,7,0,256
BRDA:214,7,1,771
DA:215,256
DA:216,256
DA:219,771
DA:220,771
DA:223,14076
DA:225,13305
BRDA:225,8,0,6689
BRDA:225,8,1,13305
DA:226,6689
DA:228,13305
DA:232,771
DA:233,771
DA:234,771
DA:237,771
DA:242,771
DA:243,771
DA:244,771
DA:245,14076
DA:246,13305
DA:248,13305
BRDA:248,9,0,-
BRDA:248,9,1,6689
DA:250,6689
DA:253,6689
DA:257,6616
DA:259,6616
DA:262,6616
DA:266,13305
DA:273,771
DA:278,771
DA:279,771
DA:282,771
BRDA:282,10,0,-
BRDA:282,10,1,493
DA:283,493
DA:287,493
DA:292,771
DA:294,771
DA:295,771
DA:297,771
FN:308,NegRiskAdapter.prepareMarket
FNDA:7180,NegRiskAdapter.prepareMarket
DA:309,7180
DA:310,6668
DA:312,6668
FN:319,NegRiskAdapter.prepareQuestion
FNDA:26625,NegRiskAdapter.prepareQuestion
DA:320,26625
DA:322,26368
DA:324,26368
DA:326,26368
FN:336,NegRiskAdapter.reportOutcome
FNDA:2561,NegRiskAdapter.reportOutcome
DA:337,2561
DA:339,1537
DA:341,1537
FN:349,NegRiskAdapter._splitPosition
FNDA:6616,NegRiskAdapter._splitPosition
DA:350,6616
FNF:12
FNH:12
LF:78
LH:78
BRF:22
BRH:19
end_of_record
TN:
SF:src/NegRiskOperator.sol
FN:84,NegRiskOperator.setOracle
FNDA:768,NegRiskOperator.setOracle
DA:85,768
BRDA:85,0,0,256
BRDA:85,0,1,512
DA:86,512
FN:97,NegRiskOperator.prepareMarket
FNDA:3330,NegRiskOperator.prepareMarket
DA:98,3330
DA:99,3330
DA:100,3330
FN:113,NegRiskOperator.prepareQuestion
FNDA:3075,NegRiskOperator.prepareQuestion
DA:118,3075
BRDA:118,1,0,256
BRDA:118,1,1,2819
DA:119,256
DA:122,2819
DA:124,2819
DA:126,2819
DA:127,2819
FN:140,NegRiskOperator.reportPayouts
FNDA:2049,NegRiskOperator.reportPayouts
DA:141,2049
BRDA:141,2,0,256
BRDA:141,2,1,1793
DA:142,256
DA:145,1793
DA:146,1793
DA:148,1793
BRDA:148,3,0,256
BRDA:148,3,1,1537
DA:149,256
DA:152,1537
DA:154,1537
BRDA:154,4,0,256
BRDA:154,4,1,1281
DA:155,256
DA:158,1281
BRDA:158,5,0,256
BRDA:158,5,1,1025
DA:159,256
DA:162,1025
DA:163,1025
DA:165,1025
DA:166,1025
DA:168,1025
FN:179,NegRiskOperator.resolveQuestion
FNDA:769,NegRiskOperator.resolveQuestion
DA:180,769
DA:182,769
BRDA:182,6,0,256
BRDA:182,6,1,513
DA:183,513
BRDA:183,7,0,256
BRDA:183,7,1,257
DA:184,256
DA:187,257
DA:188,257
DA:190,257
FN:199,NegRiskOperator.flagQuestion
FNDA:1792,NegRiskOperator.flagQuestion
DA:200,1280
DA:201,1280
FN:206,NegRiskOperator.unflagQuestion
FNDA:768,NegRiskOperator.unflagQuestion
DA:207,512
BRDA:207,8,0,256
BRDA:207,8,1,256
DA:208,256
DA:209,256
FN:215,NegRiskOperator.emergencyResolveQuestion
FNDA:768,NegRiskOperator.emergencyResolveQuestion
DA:216,768
DA:218,768
BRDA:218,9,0,256
BRDA:218,9,1,512
DA:219,512
BRDA:219,10,0,256
BRDA:219,10,1,256
DA:220,256
DA:223,256
DA:224,256
FN:232,NegRiskOperator.
FNDA:0,NegRiskOperator.
FNF:9
FNH:8
LF:45
LH:45
BRF:22
BRH:22
end_of_record
TN:
SF:src/Vault.sol
FN:25,Vault.transferERC20
FNDA:257,Vault.transferERC20
DA:26,257
FN:39,Vault.transferERC1155
FNDA:513,Vault.transferERC1155
DA:40,513
FN:49,Vault.batchTransferERC1155
FNDA:256,Vault.batchTransferERC1155
DA:53,256
FNF:3
FNH:3
LF:3
LH:3
BRF:0
BRH:0
end_of_record
TN:
SF:src/WrappedCollateral.sol
FN:53,WrappedCollateral.unwrap
FNDA:1014,WrappedCollateral.unwrap
DA:54,1014
DA:55,1014
FN:66,WrappedCollateral.wrap
FNDA:24045,WrappedCollateral.wrap
DA:67,24045
DA:68,24045
FN:74,WrappedCollateral.burn
FNDA:513,WrappedCollateral.burn
DA:75,513
FN:81,WrappedCollateral.mint
FNDA:1028,WrappedCollateral.mint
DA:82,1028
FN:89,WrappedCollateral.release
FNDA:1542,WrappedCollateral.release
DA:90,1542
FNF:5
FNH:5
LF:7
LH:7
BRF:0
BRH:0
end_of_record
TN:
SF:src/dev/TestHelper.sol
FN:28,TestHelper._getAndLabelAddress
FNDA:0,TestHelper._getAndLabelAddress
DA:29,0
DA:30,0
DA:31,0
FNF:1
FNH:0
LF:3
LH:0
BRF:0
BRH:0
end_of_record
TN:
SF:src/dev/libraries/AddressLib.sol
FN:10,AddressLib.getAddress
FNDA:0,AddressLib.getAddress
DA:11,0
DA:13,0
DA:14,0
DA:15,0
DA:17,0
FNF:1
FNH:0
LF:5
LH:0
BRF:0
BRH:0
end_of_record
TN:
SF:src/dev/libraries/DeployLib.sol
FN:7,DeployLib._deployCode
FNDA:0,DeployLib._deployCode
DA:8,0
FN:11,DeployLib._deployCode
FNDA:0,DeployLib._deployCode
DA:12,0
DA:14,0
FN:18,DeployLib.deployConditionalTokens
FNDA:0,DeployLib.deployConditionalTokens
DA:19,0
DA:20,0
DA:21,0
FN:24,DeployLib.deployUmaCtfAdapter
FNDA:0,DeployLib.deployUmaCtfAdapter
DA:25,0
DA:26,0
DA:27,0
FNF:4
FNH:0
LF:9
LH:0
BRF:0
BRH:0
end_of_record
TN:
SF:src/libraries/CTHelpers.sol
FN:12,CTHelpers.getConditionId
FNDA:70416,CTHelpers.getConditionId
DA:17,70416
FN:24,CTHelpers.sqrt
FNDA:184017,CTHelpers.sqrt
DA:25,184017
DA:63,184017
DA:66,184017
DA:67,184017
DA:68,184017
DA:69,184017
DA:70,184017
DA:73,184017
DA:74,184017
DA:75,184017
DA:76,184017
DA:77,184017
DA:78,184017
DA:79,184017
DA:80,184017
DA:81,184017
DA:82,184017
DA:83,184017
DA:84,184017
DA:85,184017
DA:86,184017
DA:87,184017
DA:88,184017
DA:89,184017
DA:90,184017
DA:91,184017
DA:92,184017
DA:93,184017
DA:94,184017
DA:95,184017
DA:96,184017
DA:97,184017
DA:98,184017
DA:99,184017
DA:100,184017
DA:101,184017
DA:102,184017
DA:103,184017
DA:104,184017
DA:105,184017
DA:106,184017
DA:107,184017
DA:108,184017
DA:109,184017
DA:110,184017
DA:111,184017
DA:112,184017
DA:113,184017
DA:114,184017
DA:115,184017
DA:116,184017
DA:117,184017
DA:118,184017
DA:119,184017
DA:120,184017
DA:121,184017
DA:122,184017
DA:123,184017
DA:124,184017
DA:125,184017
DA:126,184017
DA:127,184017
DA:128,184017
DA:129,184017
DA:130,184017
DA:131,184017
DA:134,184017
DA:135,184017
DA:136,184017
DA:137,184017
DA:138,184017
DA:140,184017
DA:141,184017
DA:142,184017
DA:143,184017
DA:144,184017
DA:145,184017
DA:146,184017
DA:147,184017
DA:148,184017
DA:149,184017
DA:150,184017
DA:151,184017
DA:152,184017
DA:153,184017
DA:154,184017
DA:155,184017
DA:156,184017
DA:157,184017
DA:158,184017
DA:159,184017
DA:160,184017
DA:161,184017
DA:162,184017
DA:163,184017
DA:164,184017
DA:165,184017
DA:166,184017
DA:167,184017
DA:168,184017
DA:169,184017
DA:170,184017
DA:171,184017
DA:172,184017
DA:173,184017
DA:174,184017
DA:175,184017
DA:176,184017
DA:177,184017
DA:178,184017
DA:179,184017
DA:180,184017
DA:181,184017
DA:182,184017
DA:183,184017
DA:184,184017
DA:185,184017
DA:186,184017
DA:187,184017
DA:188,184017
DA:189,184017
DA:190,184017
DA:191,184017
DA:192,184017
DA:193,184017
DA:194,184017
DA:195,184017
DA:196,184017
DA:197,184017
DA:198,184017
DA:199,184017
DA:200,184017
DA:201,184017
DA:202,184017
DA:203,184017
DA:204,184017
DA:205,184017
DA:206,184017
DA:207,184017
DA:208,184017
DA:209,184017
DA:210,184017
DA:211,184017
DA:212,184017
DA:213,184017
DA:214,184017
DA:215,184017
DA:216,184017
DA:217,184017
DA:218,184017
DA:219,184017
DA:220,184017
DA:221,184017
DA:222,184017
DA:223,184017
DA:224,184017
DA:225,184017
DA:226,184017
DA:227,184017
DA:228,184017
DA:229,184017
DA:230,184017
DA:231,184017
DA:232,184017
DA:233,184017
DA:234,184017
DA:235,184017
DA:236,184017
DA:237,184017
DA:238,184017
DA:239,184017
DA:240,184017
DA:241,184017
DA:242,184017
DA:243,184017
DA:244,184017
DA:245,184017
DA:246,184017
DA:247,184017
DA:248,184017
DA:249,184017
DA:250,184017
DA:251,184017
DA:252,184017
DA:253,184017
DA:255,184017
DA:256,184017
DA:257,184017
DA:258,184017
DA:259,184017
DA:260,184017
DA:261,184017
DA:262,184017
DA:264,184017
DA:265,184017
DA:266,184017
DA:267,184017
DA:268,184017
DA:269,184017
DA:270,184017
DA:271,184017
DA:272,184017
DA:273,184017
DA:274,184017
DA:275,184017
DA:276,184017
DA:277,184017
DA:278,184017
DA:279,184017
DA:280,184017
DA:281,184017
DA:282,184017
DA:283,184017
DA:284,184017
DA:285,184017
DA:286,184017
DA:287,184017
DA:288,184017
DA:289,184017
DA:290,184017
DA:291,184017
DA:292,184017
DA:293,184017
DA:294,184017
DA:295,184017
DA:296,184017
DA:297,184017
DA:298,184017
DA:299,184017
DA:300,184017
DA:301,184017
DA:302,184017
DA:303,184017
DA:304,184017
DA:305,184017
DA:306,184017
DA:307,184017
DA:308,184017
DA:309,184017
DA:310,184017
DA:311,184017
DA:312,184017
DA:313,184017
DA:314,184017
DA:315,184017
DA:316,184017
DA:317,184017
DA:318,184017
DA:319,184017
DA:320,184017
DA:321,184017
DA:322,184017
DA:323,184017
DA:324,184017
DA:325,184017
DA:326,184017
DA:327,184017
DA:328,184017
DA:329,184017
DA:330,184017
DA:331,184017
DA:332,184017
DA:333,184017
DA:334,184017
DA:335,184017
DA:336,184017
DA:337,184017
DA:338,184017
DA:339,184017
DA:340,184017
DA:341,184017
DA:342,184017
DA:343,184017
DA:344,184017
DA:345,184017
DA:346,184017
DA:347,184017
DA:348,184017
DA:349,184017
DA:350,184017
DA:351,184017
DA:352,184017
DA:353,184017
DA:354,184017
DA:355,184017
DA:356,184017
DA:357,184017
DA:358,184017
DA:359,184017
DA:360,184017
DA:361,184017
DA:362,184017
DA:363,184017
DA:364,184017
DA:365,184017
DA:366,184017
DA:367,184017
DA:368,184017
DA:369,184017
DA:370,184017
DA:371,184017
DA:372,184017
DA:373,184017
DA:374,184017
DA:375,184017
DA:376,184017
DA:377,184017
DA:378,184017
DA:379,184017
DA:380,184017
DA:381,184017
DA:382,184017
DA:383,184017
DA:384,184017
DA:385,184017
DA:386,184017
DA:387,184017
DA:388,184017
DA:389,184017
DA:390,184017
DA:391,184017
FN:402,CTHelpers.getCollectionId
FNDA:88359,CTHelpers.getCollectionId
DA:407,88359
DA:408,88359
DA:409,88359
DA:410,88359
DA:415,184017
DA:416,88359
BRDA:416,0,0,45609
BRDA:416,0,1,88359
DA:418,88359
DA:419,88359
BRDA:419,1,0,-
BRDA:419,1,1,-
DA:420,0
DA:421,0
DA:422,0
DA:423,0
DA:424,0
BRDA:424,2,0,-
BRDA:424,2,1,-
DA:425,0
BRDA:425,3,0,-
BRDA:425,3,1,-
DA:427,0
DA:428,0
BRDA:428,4,0,-
BRDA:428,4,1,-
DA:429,0
DA:432,88359
BRDA:432,5,0,45388
BRDA:432,5,1,88359
DA:434,88359
FN:441,CTHelpers.getPositionId
FNDA:88359,CTHelpers.getPositionId
DA:446,88359
FNF:4
FNH:4
LF:342
LH:333
BRF:12
BRH:4
end_of_record
TN:
SF:src/libraries/Helpers.sol
FN:13,Helpers.positionIds
FNDA:24301,Helpers.positionIds
DA:14,24301
DA:17,24301
DA:19,24301
DA:21,24301
FN:28,Helpers.values
FNDA:25546,Helpers.values
DA:29,25546
DA:30,25546
DA:32,93045
DA:33,67499
DA:35,67499
DA:38,25546
FN:43,Helpers.partition
FNDA:30917,Helpers.partition
DA:44,30917
DA:46,30917
DA:48,30917
DA:49,30917
FN:56,Helpers.payouts
FNDA:1537,Helpers.payouts
DA:57,1537
DA:59,1537
DA:61,1537
DA:62,1537
FNF:4
FNH:4
LF:18
LH:18
BRF:0
BRH:0
end_of_record
TN:
SF:src/libraries/NegRiskIdLib.sol
FN:9,NegRiskIdLib.getMarketId
FNDA:7180,NegRiskIdLib.getMarketId
DA:10,7180
FN:13,NegRiskIdLib.getMarketId
FNDA:2561,NegRiskIdLib.getMarketId
DA:14,2561
FN:17,NegRiskIdLib.getQuestionId
FNDA:39673,NegRiskIdLib.getQuestionId
DA:19,39673
FN:23,NegRiskIdLib.getQuestionIndex
FNDA:2561,NegRiskIdLib.getQuestionIndex
DA:24,2561
FNF:4
FNH:4
LF:4
LH:4
BRF:0
BRH:0
end_of_record
TN:
SF:src/modules/Admin.sol
FN:74,Admin.pause
FNDA:2048,Admin.pause
DA:75,1792
BRDA:75,0,0,256
BRDA:75,0,1,1536
DA:77,1536
DA:79,1536
FN:84,Admin.unpause
FNDA:768,Admin.unpause
DA:85,512
BRDA:85,1,0,256
BRDA:85,1,1,256
DA:87,256
DA:89,256
FN:93,Admin.pauseGlobally
FNDA:772,Admin.pauseGlobally
DA:94,771
BRDA:94,2,0,1
BRDA:94,2,1,770
DA:96,770
DA:98,770
FN:102,Admin.unpauseGlobally
FNDA:258,Admin.unpauseGlobally
DA:103,257
BRDA:103,3,0,1
BRDA:103,3,1,256
DA:105,256
DA:107,256
FN:117,Admin._isPaused
FNDA:4608,Admin._isPaused
DA:118,4608
FNF:5
FNH:5
LF:13
LH:13
BRF:8
BRH:8
end_of_record
TN:
SF:src/modules/Auth.sol
FN:24,Auth.addAdmin
FNDA:3,Auth.addAdmin
DA:25,2
DA:26,2
FN:31,Auth.removeAdmin
FNDA:1,Auth.removeAdmin
DA:32,1
DA:33,1
FN:37,Auth.renounceAdmin
FNDA:1,Auth.renounceAdmin
DA:38,1
DA:39,1
FN:44,Auth.isAdmin
FNDA:264,Auth.isAdmin
DA:45,264
FNF:4
FNH:4
LF:7
LH:7
BRF:0
BRH:0
end_of_record
TN:
SF:src/modules/MarketDataManager.sol
FN:23,MarketStateManager.getMarketData
FNDA:0,MarketStateManager.getMarketData
DA:24,1798
FN:27,MarketStateManager.getOracle
FNDA:512,MarketStateManager.getOracle
DA:28,512
FN:31,MarketStateManager.getQuestionCount
FNDA:2319,MarketStateManager.getQuestionCount
DA:32,2319
FN:35,MarketStateManager.getDetermined
FNDA:769,MarketStateManager.getDetermined
DA:36,769
FN:39,MarketStateManager.getResult
FNDA:769,MarketStateManager.getResult
DA:40,769
FN:43,MarketStateManager.getFeeBips
FNDA:512,MarketStateManager.getFeeBips
DA:44,512
FN:51,MarketStateManager._prepareMarket
FNDA:7180,MarketStateManager._prepareMarket
DA:52,7180
DA:53,7180
DA:54,7180
DA:56,7180
BRDA:56,0,0,256
BRDA:56,0,1,6924
DA:57,6924
BRDA:57,1,0,256
BRDA:57,1,1,6668
DA:59,6668
FN:62,MarketStateManager._prepareQuestion
FNDA:26625,MarketStateManager._prepareQuestion
DA:63,26625
DA:64,26625
DA:66,26625
BRDA:66,2,0,256
BRDA:66,2,1,26369
DA:67,26369
BRDA:67,3,0,1
BRDA:67,3,1,26368
DA:69,26368
DA:70,26368
DA:71,26368
FN:74,MarketStateManager._reportOutcome
FNDA:2561,MarketStateManager._reportOutcome
DA:78,2561
DA:79,2561
DA:81,2561
DA:82,2561
DA:84,2561
BRDA:84,4,0,256
BRDA:84,4,1,2305
DA:85,2305
BRDA:85,5,0,256
BRDA:85,5,1,2049
DA:86,2049
BRDA:86,6,0,256
BRDA:86,6,1,1793
DA:88,1793
BRDA:88,7,0,256
BRDA:88,7,1,751
DA:89,1007
BRDA:89,8,0,256
BRDA:89,8,1,751
DA:90,751
FNF:9
FNH:8
LF:29
LH:29
BRF:18
BRH:18
end_of_record
TN:
SF:src/scripts/add_admin.s.sol
FN:8,add_admin.run
FNDA:0,add_admin.run
DA:9,0
DA:11,0
DA:12,0
FNF:1
FNH:0
LF:3
LH:0
BRF:0
BRH:0
end_of_record
TN:
SF:src/scripts/renounce_admin.s.sol
FN:8,renounce_admin.run
FNDA:0,renounce_admin.run
DA:9,0
DA:11,0
DA:12,0
FNF:1
FNH:0
LF:3
LH:0
BRF:0
BRH:0
end_of_record
TN:
SF:src/test/NegRiskAdapter/NegRiskAdapter.invariant.t.sol
FN:29,NegRiskAdapterInvariantsHandler.split
FNDA:0,NegRiskAdapterInvariantsHandler.split
DA:30,0
DA:33,0
DA:34,0
DA:36,0
DA:37,0
DA:38,0
FN:42,NegRiskAdapterInvariantsHandler.merge
FNDA:0,NegRiskAdapterInvariantsHandler.merge
DA:43,0
DA:46,0
DA:47,0
DA:48,0
DA:49,0
FN:53,NegRiskAdapterInvariantsHandler.convert
FNDA:0,NegRiskAdapterInvariantsHandler.convert
DA:54,0
FN:57,NegRiskAdapterInvariantsHandler.convert2
FNDA:0,NegRiskAdapterInvariantsHandler.convert2
FN:70,NegRiskAdapterInvariants.setUp
FNDA:0,NegRiskAdapterInvariants.setUp
DA:71,0
DA:72,0
DA:73,0
DA:74,0
DA:76,0
DA:77,0
DA:78,0
DA:81,0
DA:82,0
DA:85,0
DA:86,0
DA:87,0
DA:88,0
DA:91,0
DA:93,0
FN:97,NegRiskAdapterInvariants.invariant_badInvariantThisShouldFail
FNDA:0,NegRiskAdapterInvariants.invariant_badInvariantThisShouldFail
DA:98,0
FNF:6
FNH:0
LF:28
LH:0
BRF:0
BRH:0
end_of_record
TN:
SF:src/test/NegRiskAdapter/NegRiskAdapterSetUp.sol
FN:22,NegRiskAdapter_SetUp.setUp
FNDA:0,NegRiskAdapter_SetUp.setUp
DA:23,0
DA:24,0
DA:25,0
DA:26,0
DA:27,0
DA:28,0
FNF:1
FNH:0
LF:6
LH:0
BRF:0
BRH:0
end_of_record
TN:
SF:src/test/mock/CollateralWhitelist.sol
FN:7,CollateralWhitelist.addToWhitelist
FNDA:0,CollateralWhitelist.addToWhitelist
FN:9,CollateralWhitelist.removeFromWhitelist
FNDA:0,CollateralWhitelist.removeFromWhitelist
FN:11,CollateralWhitelist.isOnWhitelist
FNDA:3,CollateralWhitelist.isOnWhitelist
DA:12,3
FN:15,CollateralWhitelist.getWhitelist
FNDA:0,CollateralWhitelist.getWhitelist
DA:16,0
FNF:4
FNH:1
LF:2
LH:1
BRF:0
BRH:0
end_of_record
TN:
SF:src/test/mock/Finder.sol
FN:15,Finder.changeImplementationAddress
FNDA:0,Finder.changeImplementationAddress
FN:17,Finder.getImplementationAddress
FNDA:0,Finder.getImplementationAddress
DA:18,0
BRDA:18,0,0,-
BRDA:18,0,1,-
DA:19,0
DA:20,0
BRDA:20,1,0,-
BRDA:20,1,1,-
DA:21,0
DA:23,0
FNF:2
FNH:0
LF:5
LH:0
BRF:4
BRH:0
end_of_record
TN:
SF:src/test/mock/OptimisticOracleV2.sol
FN:8,OptimisticOracleV2.setPrice
FNDA:1,OptimisticOracleV2.setPrice
DA:9,1
BRDA:9,0,0,1
BRDA:9,0,1,-
DA:10,1
DA:12,0
FN:16,OptimisticOracleV2.unsetPrice
FNDA:0,OptimisticOracleV2.unsetPrice
DA:17,0
FN:20,OptimisticOracleV2.settleAndGetPrice
FNDA:1,OptimisticOracleV2.settleAndGetPrice
DA:21,1
FN:24,OptimisticOracleV2.hasPrice
FNDA:1,OptimisticOracleV2.hasPrice
DA:25,1
FN:28,OptimisticOracleV2.requestPrice
FNDA:3,OptimisticOracleV2.requestPrice
DA:33,0
FN:36,OptimisticOracleV2.setBond
FNDA:3,OptimisticOracleV2.setBond
DA:41,0
FN:44,OptimisticOracleV2.
FNDA:0,OptimisticOracleV2.
FNF:7
FNH:5
LF:8
LH:4
BRF:2
BRH:1
end_of_record
TN:
SF:src/test/mock/USDC.sol
FN:9,USDC.mint
FNDA:25075,USDC.mint
DA:10,25075
FN:13,USDC.burn
FNDA:0,USDC.burn
DA:14,0
FNF:2
FNH:1
LF:2
LH:1
BRF:0
BRH:0
end_of_record
TN:
SF:src/test/modules/Admin.t.sol
FN:14,AdminHarness.useOnlyIfUnpaused
FNDA:1280,AdminHarness.useOnlyIfUnpaused
FN:16,AdminHarness.useOnlyIfEmergencyResolutionIsAllowed
FNDA:512,AdminHarness.useOnlyIfEmergencyResolutionIsAllowed
FN:21,AdminHarness.isPaused
FNDA:768,AdminHarness.isPaused
DA:22,768
FNF:3
FNH:3
LF:1
LH:1
BRF:0
BRH:0
end_of_record
TN:
SF:src/test/modules/Auth.t.sol
FN:10,AuthHarness.useOnlyAdmin
FNDA:3,AuthHarness.useOnlyAdmin
FNF:1
FNH:1
LF:0
LH:0
BRF:0
BRH:0
end_of_record
TN:
SF:src/types/MarketData.sol
FN:20,MarketDataLib.oracle
FNDA:0,MarketDataLib.oracle
DA:21,0
FN:24,MarketDataLib.questionCount
FNDA:0,MarketDataLib.questionCount
DA:25,0
FN:28,MarketDataLib.incrementQuestionCount
FNDA:0,MarketDataLib.incrementQuestionCount
DA:29,0
DA:30,0
DA:31,0
FN:34,MarketDataLib.determined
FNDA:0,MarketDataLib.determined
DA:35,0
FN:38,MarketDataLib.determine
FNDA:0,MarketDataLib.determine
DA:39,0
DA:41,0
BRDA:41,0,0,-
BRDA:41,0,1,-
DA:42,0
DA:43,0
DA:45,0
FN:48,MarketDataLib.initialize
FNDA:0,MarketDataLib.initialize
DA:49,0
DA:50,0
DA:51,0
DA:52,0
FN:55,MarketDataLib.result
FNDA:0,MarketDataLib.result
DA:56,0
FN:59,MarketDataLib.feeBips
FNDA:0,MarketDataLib.feeBips
DA:60,0
FNF:8
FNH:0
LF:17
LH:0
BRF:2
BRH:0
end_of_record
